2021-05-25 13:25:36,526 : initialised ConcentrationEvaluator
2021-05-25 13:25:36,527 : started ConcentrationEvaluator
2021-05-25 13:25:36,527 : evaluating first average for 30 seconds
2021-05-25 13:25:46,733 : received data: []
2021-05-25 13:25:56,741 : received data: []
2021-05-25 13:26:06,746 : received data: []
2021-05-25 13:26:06,746 : evaluated first - average = 0.0, variance = 0
2021-05-25 13:26:16,750 : received data: []
2021-05-25 13:26:16,750 : evaluated std - average = 1, variance = 0, afk_counter = 0
2021-05-25 13:26:16,750 : user concentration = 1
2021-05-25 13:26:26,813 : received data: ["'h'", "'m'", 'Key.space', "'o'", "'k'", "'a'", "'y'", 'Key.space', "'a'", "'l'", "'s'", "'o'", 'Key.space', "'d'", "'a'", 'Key.space', "'m'", "'i'", "'t'", 'Key.space', "'d'", "'e'", "'m'", "'c'", "'r'", "'i'", "'p'", 'Key.space', "'h'", "'e'", 'Key.space', "'r'", "'h'", "'n'"]
2021-05-25 13:26:26,814 : evaluated std - average = 1, variance = 0, afk_counter = 1
2021-05-25 13:26:26,814 : user concentration = 1
2021-05-25 13:26:37,104 : received data: ["'b'", "'o'", "'m'", "'e'", 'Key.enter', 'Key.ctrl', "'\\x03'"]
2021-05-25 13:26:37,105 : evaluated std - average = 1, variance = 0, afk_counter = 0
2021-05-25 13:26:37,105 : user concentration = 1
2021-05-25 13:26:52,179 : received data: ['Key.ctrl', "'\\x03'"]
2021-05-25 13:26:52,182 : evaluated std - average = 1, variance = 0, afk_counter = 0
2021-05-25 13:26:52,182 : user concentration = 1
2021-05-25 13:27:02,201 : received data: []
2021-05-25 13:27:02,202 : evaluated std - average = 1, variance = 0, afk_counter = 0
2021-05-25 13:27:02,202 : user concentration = 1
2021-05-25 13:27:12,350 : received data: []
2021-05-25 13:27:12,351 : evaluated std - average = 1, variance = 0, afk_counter = 1
2021-05-25 13:27:12,353 : user concentration = 1
2021-05-25 13:27:22,366 : received data: []
2021-05-25 13:27:22,367 : evaluated std - average = 1, variance = 0, afk_counter = 2
2021-05-25 13:27:22,367 : user concentration = 1
2021-05-25 13:27:32,379 : received data: []
2021-05-25 13:27:32,380 : evaluated std - average = 1, variance = 0, afk_counter = 3
2021-05-25 13:27:32,380 : user concentration = 1
2021-05-25 13:27:42,394 : received data: []
2021-05-25 13:27:42,395 : evaluated std - average = 1, variance = 0, afk_counter = 4
2021-05-25 13:27:42,396 : user concentration = 1
2021-05-25 13:27:52,410 : received data: []
2021-05-25 13:27:52,411 : evaluated std - average = 1, variance = 0, afk_counter = 5
2021-05-25 13:27:52,411 : user concentration = 1
2021-05-25 13:28:02,460 : received data: []
2021-05-25 13:28:02,460 : evaluated std - average = 1, variance = 0, afk_counter = 6
2021-05-25 13:28:02,461 : user concentration = 1
2021-05-25 13:28:12,527 : received data: []
2021-05-25 13:28:12,527 : evaluated std - average = 1, variance = 0, afk_counter = 7
2021-05-25 13:28:12,528 : user concentration = 1
2021-05-25 13:28:22,541 : received data: []
2021-05-25 13:28:22,542 : evaluated std - average = 1, variance = 0, afk_counter = 8
2021-05-25 13:28:22,542 : user concentration = 1
2021-05-25 13:28:32,608 : received data: []
2021-05-25 13:28:32,609 : evaluated std - average = 1, variance = 0, afk_counter = 9
2021-05-25 13:28:32,609 : user concentration = 0
2021-05-25 13:28:42,735 : received data: ["'h'", "'e'", "'l'", "'p'", 'Key.space', "'e'", 'Key.space', "'l'"]
2021-05-25 13:28:42,736 : evaluated std - average = 0, variance = 0, afk_counter = 10
2021-05-25 13:28:42,736 : user concentration = 1
= 1
2021-05-25 13:27:12,300 : received data: []
2021-05-25 13:27:12,301 : evaluated std - average = 1, variance = 0, afk_counter = 1
2021-05-25 13:27:12,301 : user concentration = 1
2021-05-25 13:27:22,317 : received data: []
2021-05-25 13:27:22,317 : evaluated std - average = 1, variance = 0, afk_counter = 2
2021-05-25 13:27:22,318 : user concentration = 1
2021-05-25 13:27:32,327 : received data: []
2021-05-25 13:27:32,328 : evaluated std - average = 1, variance = 0, afk_counter = 3
2021-05-25 13:27:32,328 : user concentration = 1
2021-05-25 13:27:42,347 : received data: []
2021-05-25 13:27:42,348 : evaluated std - average = 1, variance = 0, afk_counter = 4
2021-05-25 13:27:42,348 : user concentration = 1
2021-05-25 13:27:52,369 : received data: []
2021-05-25 13:27:52,369 : evaluated std - average = 1, variance = 0, afk_counter = 5
2021-05-25 13:27:52,370 : user concentration = 1
2021-05-25 13:28:02,432 : received data: []
2021-05-25 13:28:02,432 : evaluated std - average = 1, variance = 0, afk_counter = 6
2021-05-25 13:28:02,433 : user concentration = 1
2021-05-25 13:28:12,501 : received data: []
2021-05-25 13:28:12,502 : evaluated std - average = 1, variance = 0, afk_counter = 7
2021-05-25 13:28:12,502 : user concentration = 1
2021-05-25 13:28:22,516 : received data: []
2021-05-25 13:28:22,517 : evaluated std - average = 1, variance = 0, afk_counter = 8
2021-05-25 13:28:22,517 : user concentration = 1
2021-05-25 13:28:32,582 : received data: []
2021-05-25 13:28:32,582 : evaluated std - average = 1, variance = 0, afk_counter = 9
2021-05-25 13:28:32,583 : user concentration = 0
2021-05-25 13:28:42,679 : received data: ["'h'", "'e'", "'p'", 'Key.space', "'e'", "'s'", 'Key.space', "'l'"]
2021-05-25 13:28:42,679 : evaluated std - average = 0, variance = 0, afk_counter = 10
2021-05-25 13:28:42,679 : user concentration = 1
average = 1, variance = 0, afk_counter = 8
2021-05-25 13:28:22,529 : user concentration = 1
2021-05-25 13:28:32,596 : received data: []
2021-05-25 13:28:32,596 : evaluated std - average = 1, variance = 0, afk_counter = 9
2021-05-25 13:28:32,597 : user concentration = 0
2021-05-25 12021-05-25 13:28:42,725 : received data: ["'h'", "'e'", "'p'", 'Key.space', "'e'", "'s'", 'Key.space', "'l'"]
2021-05-25 13:28:42,725 : evaluated std - average = 0, variance = 0, afk_counter = 10
2021-05-25 13:28:42,725 : user concentration = 1
1
 concentration = 1
 = 0, afk_counter = 6
2021-05-25 13:28:02,478 : user concentration = 1
2021-05-25 13:28:12,530 : received data: []
2021-05-25 13:28:12,531 : evaluated std - average = 1, variance = 0, afk_counter = 7
2021-05-25 13:28:12,531 : user concentration = 1
2021-05-25 13:28:22,546 : received data: []
2021-05-25 13:28:22,547 : evaluated std - average = 1, variance = 0, afk_counter = 8
2021-05-25 13:28:22,548 : user concentration = 1
2021-05-25 13:28:32,615 : received data: []
2021-05-25 13:28:32,616 : evaluated std - average = 1, variance = 0, afk_counter = 9
2021-05-25 13:28:32,617 : user concentration = 0
2021-05-25 13:28:42,674 : received data: ["'h'", "'e'", "'l'", "'p'", 'Key.space', "'e'", 'Key.space', "'l'"]
2021-05-25 13:28:42,675 : evaluated std - average = 0, variance = 0, afk_counter = 10
2021-05-25 13:28:42,675 : user concentration = 1
