2021-06-20 22:31:28,234 : initialised UserInputLogger
2021-06-20 22:31:28,235 : started UserInputLogger
2021-06-20 22:31:38,271 : send keys to ConcentrationEvaluator: []
2021-06-20 22:31:48,276 : send keys to ConcentrationEvaluator: []
2021-06-20 22:31:58,281 : send keys to ConcentrationEvaluator: []
2021-06-20 22:32:08,286 : send keys to ConcentrationEvaluator: []
2021-06-20 22:32:18,291 : send keys to ConcentrationEvaluator: []
2021-06-20 22:32:35,679 : send keys to ConcentrationEvaluator: ['K2021-06-20 22:32:35,679 : send keys to Concentrat2021-06-20 22:32:45,714 : send keys to ConcentrationEvaluator: []
2021-06-20 22:32:55,720 : send keys to ConcentrationEvaluator: []
2021-06-20 22:33:05,727 : send keys to ConcentrationEvaluator: []
2021-06-20 22:33:15,736 : send keys to ConcentrationEvaluator: []
2021-06-20 22:33:25,744 : send keys to ConcentrationEvaluator: []
2021-06-20 22:33:35,755 : send keys to ConcentrationEvaluator: []
2021-06-20 22:33:45,764 : send keys to ConcentrationEvaluator: []
2021-06-20 22:33:55,772 : send keys to ConcentrationEvaluator: []
2021-06-20 22:34:05,781 : send keys to ConcentrationEvaluator: []
2021-06-20 22:34:15,788 : send keys to ConcentrationEvaluator: []
2021-06-20 22:34:25,799 : send keys to ConcentrationEvaluator: []
2021-06-20 22:34:35,807 : send keys to ConcentrationEvaluator: []
2021-06-20 22:34:45,814 : send keys to ConcentrationEvaluator: []
2021-06-20 22:34:55,823 : send keys to ConcentrationEvaluator: []
2021-06-20 22:35:05,836 : send keys to ConcentrationEvaluator: []
2021-06-20 22:35:15,844 : send keys to ConcentrationEvaluator: []
2021-06-20 22:35:25,857 : send keys to ConcentrationEvaluator: []
2021-06-20 22:35:35,870 : send keys to ConcentrationEvaluator: []
2021-06-20 22:35:45,879 : send keys to ConcentrationEvaluator: []
2021-06-20 22:35:55,887 : send keys to ConcentrationEvaluator: []
2021-06-20 22:36:05,895 : send keys to ConcentrationEvaluator: []
2021-06-20 22:36:15,903 : send keys to ConcentrationEvaluator: []
2021-06-20 22:36:25,910 : send keys to ConcentrationEvaluator: []
2021-06-20 22:36:35,917 : send keys to ConcentrationEvaluator: []
2021-06-20 22:36:55,360 : send keys to ConcentrationEvaluator: ['K2021-06-20 22:36:52021-06-20 22:37:05,398 : send keys to ConcentrationEvaluator: []
2021-06-20 22:37:15,407 : send keys to ConcentrationEvaluator: []
2021-06-20 22:37:25,413 : send keys to ConcentrationEvaluator: []
2021-06-20 22:37:35,421 : send keys to ConcentrationEvaluator: []
2021-06-20 22:37:45,428 : send keys to ConcentrationEvaluator: []
2021-06-20 22:37:55,436 : send keys to ConcentrationEvaluator: []
2021-06-20 22:38:05,445 : send keys to ConcentrationEvaluator: []
2021-06-20 22:38:15,453 : send keys to ConcentrationEvaluator: []
2021-06-20 22:38:25,464 : send keys to ConcentrationEvaluator: []
2021-06-20 22:38:35,473 : send keys to ConcentrationEvaluator: []
2021-06-20 22:38:45,480 : send keys to ConcentrationEvaluator: []
2021-06-20 22:38:55,486 : send keys to ConcentrationEvaluator: []
2021-06-20 22:39:05,507 : send keys to ConcentrationEvaluator: []
2021-06-20 22:39:15,517 : send keys to ConcentrationEvaluator: []
2021-06-20 22:39:25,524 : send keys to ConcentrationEvaluator: []
2021-06-20 22:39:35,532 : send keys to ConcentrationEvaluator: []
2021-06-20 22:39:45,539 : send keys to ConcentrationEvaluator: []
2021-06-20 22:39:55,547 : send keys to ConcentrationEvaluator: []
2021-06-20 22:40:05,555 : send keys to ConcentrationEvaluator: []
2021-06-20 22:40:15,562 : send keys to ConcentrationEvaluator: []
2021-06-20 22:40:25,570 : send keys to ConcentrationEvaluator: []
2021-06-20 22:40:35,577 : send keys to ConcentrationEvaluator: []
2021-06-20 22:40:45,586 : send keys to ConcentrationEvaluator: []
2021-06-20 22:40:55,595 : send keys to ConcentrationEvaluator: []
2021-06-20 22:41:05,604 : send keys to ConcentrationEvaluator: []
2021-06-20 22:41:15,613 : send keys to ConcentrationEvaluator: []
2021-06-20 22:41:25,622 : send keys to ConcentrationEvaluator: []
2021-06-20 22:41:35,630 : send keys to ConcentrationEvaluator: []
2021-06-20 22:41:45,638 : send keys to ConcentrationEvaluator: []
2021-06-20 22:41:55,646 : send keys to ConcentrationEvaluator: []
2021-06-20 22:42:05,655 : send keys to ConcentrationEvaluator: []
2021-06-20 22:42:15,664 : send keys to ConcentrationEvaluator: []
2021-06-20 22:42:25,673 : send keys to ConcentrationEvaluator: []
2021-06-20 22:42:35,680 : send keys to ConcentrationEvaluator: []
2021-06-20 22:42:45,686 : send keys to ConcentrationEvaluator: []
2021-06-20 22:42:55,695 : send keys to ConcentrationEvaluator: []
2021-06-20 22:43:05,704 : send keys to ConcentrationEvaluator: []
2021-06-20 22:43:15,712 : send keys to ConcentrationEvaluator: []
2021-06-20 22:43:25,722 : send keys to ConcentrationEvaluator: []
2021-06-20 22:43:35,730 : send keys to ConcentrationEvaluator: []
2021-06-20 22:43:45,739 : send keys to ConcentrationEvaluator: []
2021-06-20 22:43:55,747 : send keys to ConcentrationEvaluator: []
2021-06-20 22:44:05,756 : send keys to ConcentrationEvaluator: []
2021-06-20 22:44:15,765 : send keys to ConcentrationEvaluator: []
2021-06-20 22:44:25,773 : send keys to ConcentrationEvaluator: []
2021-06-20 22:44:45,043 : send keys to ConcentrationEvaluator: ['Key.alt', 'Key.cmd', "'⁄'"]
2021-06-20 22:44:55,123 : send keys to ConcentrationEvaluator: []
2021-06-20 22:45:05,136 : send keys to ConcentrationEvaluator: []
2021-06-20 22:45:15,183 : send keys to ConcentrationEvaluator: []
2021-06-20 22:45:25,216 : send keys to ConcentrationEvaluator: []
2021-06-20 22:45:35,228 : send keys to ConcentrationEvaluator: []
2021-06-20 22:45:45,249 : send keys to ConcentrationEvaluator: []
2021-06-20 22:45:55,260 : send keys to ConcentrationEvaluator: []
2021-06-20 22:46:05,272 : send keys to ConcentrationEvaluator: []
2021-06-20 22:46:15,382 : send keys to ConcentrationEvaluator: []
2021-06-20 22:46:25,398 : send keys to ConcentrationEvaluator: []
2021-06-20 22:46:35,442 : send keys to ConcentrationEvaluator: []
2021-06-20 22:46:45,508 : send keys to ConcentrationEvaluator: []
2021-06-20 22:46:55,546 : send keys to ConcentrationEvaluator: []
2021-06-20 22:47:05,609 : send keys to ConcentrationEvaluator: []
2021-06-20 22:47:05,637 : send keys to ConcentrationEvaluator: []
2021-06-20 22:47:20,210 : send keys to ConcentrationEvaluator: ['Key.space']
2021-06-20 22:47:30,249 : send keys to ConcentrationEvaluator: []
2021-06-20 22:47:40,283 : send keys to ConcentrationEvaluator: []
2021-06-20 22:47:50,333 : send keys to ConcentrationEvaluator: []
2021-06-20 22:48:00,341 : send keys to ConcentrationEvaluator: []
2021-06-20 22:48:10,358 : send keys to ConcentrationEvaluator: []
2021-06-20 22:48:20,367 : send keys to ConcentrationEvaluator: []
2021-06-20 22:48:30,391 : send keys to ConcentrationEvaluator: []
2021-06-20 22:48:40,399 : send keys to ConcentrationEvaluator: []
2021-06-20 22:48:50,406 : send keys to ConcentrationEvaluator: []
2021-06-20 22:49:00,438 : send keys to ConcentrationEvaluator: []
2021-06-20 22:49:10,458 : send keys to ConcentrationEvaluator: []
